defF IntT fi(IntT x,IntT y)
defF IntT la(IntT x,IntT y)
RIF(la(x,y)>2)
def IntT l=3
put l
end
def IntT j=1
def IntT l=1
def IntT z=x*(x+y)
ret z
end
defF StrT fs(StrT a,StrT b)
def StrT c
defF StrT substr(StrT a,IntT b,IntT c)
c=substr(a,1,3)+b
ret c
end
defF StartPoint
def IntT x=1
def IntT y=1
def IntT z
def StrT sa
def StrT sb
def StrT sc
defF IntT strlen(StrT p)
x=1
y=5
sa='1234567890'
sb='1234567890'
z=fi(x,y)
sc=fs(sa,sb)
put 'контрльный        пример'
put z
put sc
put strlen(sc)
ret 0
ret 0
end